<?xml version="1.0" encoding="UTF-8"?>
<!-- Generated by org.testng.reporters.JUnitReportReporter -->
<testsuite hostname="m-bang-isharma1" name="com.connect.fluke.mobile.tests.FCCM3560SessionSetupTests" tests="4" failures="0" timestamp="2 Mar 2018 15:23:02 GMT" time="196.930" errors="0">
  <testcase name="gatewayProvisionTest" time="58.473" classname="com.connect.fluke.mobile.tests.FCCM3560SessionSetupTests"/>
  <testcase name="startMonitoringTest" time="67.015" classname="com.connect.fluke.mobile.tests.FCCM3560SessionSetupTests"/>
  <testcase name="assignAssetTest" time="34.737" classname="com.connect.fluke.mobile.tests.FCCM3560SessionSetupTests"/>
  <testcase name="sensorProvisionTest" time="36.705" classname="com.connect.fluke.mobile.tests.FCCM3560SessionSetupTests"/>
</testsuite> <!-- com.connect.fluke.mobile.tests.FCCM3560SessionSetupTests -->
