<?xml version="1.0" encoding="UTF-8"?>
<!-- Generated by org.testng.reporters.JUnitReportReporter -->
<testsuite hostname="m-bang-isharma1" name="com.connect.fluke.mobile.tests.FCCM3550ActiveMonitoringSessionTests" tests="5" failures="0" timestamp="8 Mar 2018 15:44:28 GMT" time="0.349" errors="0">
  <testcase name="sensorCountAndTypeTest" time="0.029" classname="com.connect.fluke.mobile.tests.FCCM3550ActiveMonitoringSessionTests"/>
  <testcase name="sessionStartUserNameTest" time="0.019" classname="com.connect.fluke.mobile.tests.FCCM3550ActiveMonitoringSessionTests"/>
  <testcase name="startTimeStaticTextVisibleTest" time="0.020" classname="com.connect.fluke.mobile.tests.FCCM3550ActiveMonitoringSessionTests"/>
  <testcase name="tapOnSessionTileTest" time="0.260" classname="com.connect.fluke.mobile.tests.FCCM3550ActiveMonitoringSessionTests"/>
  <testcase name="sessionStartTimeTest" time="0.021" classname="com.connect.fluke.mobile.tests.FCCM3550ActiveMonitoringSessionTests"/>
</testsuite> <!-- com.connect.fluke.mobile.tests.FCCM3550ActiveMonitoringSessionTests -->
