<?xml version="1.0" encoding="UTF-8"?>
<!-- Generated by org.testng.reporters.JUnitReportReporter -->
<testsuite hostname="m-bang-isharma1" name="com.connect.fluke.mobile.tests.FCCM3560ActiveMonitoringSessionTests" tests="1" failures="0" timestamp="9 Mar 2018 08:46:07 GMT" time="0.088" errors="0">
  <testcase name="tapOnSessionTileTest" time="0.088" classname="com.connect.fluke.mobile.tests.FCCM3560ActiveMonitoringSessionTests"/>
</testsuite> <!-- com.connect.fluke.mobile.tests.FCCM3560ActiveMonitoringSessionTests -->
