<?xml version="1.0" encoding="UTF-8"?>
<!-- Generated by org.testng.reporters.JUnitReportReporter -->
<testsuite hostname="m-bang-isharma1" name="com.connect.fluke.app.tests.FCCM3540ActiveMonitoringSessionTests" tests="1" failures="0" timestamp="13 Mar 2018 16:08:30 GMT" time="3.121" errors="0">
  <testcase name="createSession" time="3.121" classname="com.connect.fluke.app.tests.FCCM3540ActiveMonitoringSessionTests"/>
</testsuite> <!-- com.connect.fluke.app.tests.FCCM3540ActiveMonitoringSessionTests -->
