<?xml version="1.0" encoding="UTF-8"?>
<!-- Generated by org.testng.reporters.JUnitReportReporter -->
<testsuite hostname="m-bang-isharma1" name="com.connect.fluke.app.tests.FCCM3550ActiveMonitoringSessionTests" tests="9" failures="0" timestamp="14 Mar 2018 21:31:50 GMT" time="0.506" errors="0">
  <testcase name="gateWayNameTest" time="0.029" classname="com.connect.fluke.app.tests.FCCM3550ActiveMonitoringSessionTests"/>
  <testcase name="startTimeStaticTextVisibleTest" time="0.024" classname="com.connect.fluke.app.tests.FCCM3550ActiveMonitoringSessionTests"/>
  <testcase name="sessionTileStatusTest" time="0.035" classname="com.connect.fluke.app.tests.FCCM3550ActiveMonitoringSessionTests"/>
  <testcase name="sensorCountAndTypeTest" time="0.024" classname="com.connect.fluke.app.tests.FCCM3550ActiveMonitoringSessionTests"/>
  <testcase name="sessionStartTimeTest" time="0.027" classname="com.connect.fluke.app.tests.FCCM3550ActiveMonitoringSessionTests"/>
  <testcase name="tapOnSessionTileTest" time="0.276" classname="com.connect.fluke.app.tests.FCCM3550ActiveMonitoringSessionTests"/>
  <testcase name="sensorsStaticTextVisibleTest" time="0.026" classname="com.connect.fluke.app.tests.FCCM3550ActiveMonitoringSessionTests"/>
  <testcase name="sessionStartUserNameTest" time="0.024" classname="com.connect.fluke.app.tests.FCCM3550ActiveMonitoringSessionTests"/>
  <testcase name="sessionTileVisibleTest" time="0.041" classname="com.connect.fluke.app.tests.FCCM3550ActiveMonitoringSessionTests"/>
</testsuite> <!-- com.connect.fluke.app.tests.FCCM3550ActiveMonitoringSessionTests -->
