<?xml version="1.0" encoding="UTF-8"?>
<!-- Generated by org.testng.reporters.JUnitReportReporter -->
<testsuite hostname="m-bang-isharma1" name="com.connect.fluke.mobile.tests.NocturneSessionSetupTests" tests="4" failures="0" timestamp="12 Jan 2018 17:14:06 GMT" time="145.462" errors="0">
  <testcase name="assignAssetTest" time="36.151" classname="com.connect.fluke.mobile.tests.NocturneSessionSetupTests"/>
  <testcase name="sensorProvisionTest" time="29.506" classname="com.connect.fluke.mobile.tests.NocturneSessionSetupTests"/>
  <testcase name="gatewayProvisionTest" time="12.911" classname="com.connect.fluke.mobile.tests.NocturneSessionSetupTests"/>
  <testcase name="startMonitoringTest" time="66.894" classname="com.connect.fluke.mobile.tests.NocturneSessionSetupTests"/>
</testsuite> <!-- com.connect.fluke.mobile.tests.NocturneSessionSetupTests -->
