<?xml version="1.0" encoding="UTF-8"?>
<!-- Generated by org.testng.reporters.JUnitReportReporter -->
<testsuite hostname="m-bang-isharma1" name="com.connect.fluke.app.tests.FCCM3560ActiveMonitoringSessionTests" tests="9" failures="0" timestamp="14 Mar 2018 09:39:07 GMT" time="2.998" errors="0">
  <testcase name="sensorsStaticTextVisibleTest" time="0.147" classname="com.connect.fluke.app.tests.FCCM3560ActiveMonitoringSessionTests"/>
  <testcase name="sessionTileStatusTest" time="0.176" classname="com.connect.fluke.app.tests.FCCM3560ActiveMonitoringSessionTests"/>
  <testcase name="startTimeStaticTextVisibleTest" time="0.130" classname="com.connect.fluke.app.tests.FCCM3560ActiveMonitoringSessionTests"/>
  <testcase name="sessionStartUserNameTest" time="0.165" classname="com.connect.fluke.app.tests.FCCM3560ActiveMonitoringSessionTests"/>
  <testcase name="sessionStartTimeTest" time="0.169" classname="com.connect.fluke.app.tests.FCCM3560ActiveMonitoringSessionTests"/>
  <testcase name="gateWayNameTest" time="0.162" classname="com.connect.fluke.app.tests.FCCM3560ActiveMonitoringSessionTests"/>
  <testcase name="sensorCountAndTypeTest" time="0.182" classname="com.connect.fluke.app.tests.FCCM3560ActiveMonitoringSessionTests"/>
  <testcase name="tapOnSessionTileTest" time="1.826" classname="com.connect.fluke.app.tests.FCCM3560ActiveMonitoringSessionTests"/>
  <testcase name="sessionTileVisibleTest" time="0.041" classname="com.connect.fluke.app.tests.FCCM3560ActiveMonitoringSessionTests"/>
</testsuite> <!-- com.connect.fluke.app.tests.FCCM3560ActiveMonitoringSessionTests -->
