<?xml version="1.0" encoding="UTF-8"?>
<!-- Generated by org.testng.reporters.JUnitReportReporter -->
<testsuite hostname="m-bang-isharma1" name="com.connect.fluke.app.tests.FCCM3550SessionDetailPageTests" tests="8" failures="0" timestamp="14 Mar 2018 21:31:50 GMT" time="0.178" errors="0">
  <testcase name="assetGroupNameTest" time="0.019" classname="com.connect.fluke.app.tests.FCCM3550SessionDetailPageTests"/>
  <testcase name="gateWayNameTest" time="0.020" classname="com.connect.fluke.app.tests.FCCM3550SessionDetailPageTests"/>
  <testcase name="assetNameTest" time="0.019" classname="com.connect.fluke.app.tests.FCCM3550SessionDetailPageTests"/>
  <testcase name="sessionStartTimeTest" time="0.025" classname="com.connect.fluke.app.tests.FCCM3550SessionDetailPageTests"/>
  <testcase name="sessionTileStatusTest" time="0.020" classname="com.connect.fluke.app.tests.FCCM3550SessionDetailPageTests"/>
  <testcase name="testPointNameTest" time="0.019" classname="com.connect.fluke.app.tests.FCCM3550SessionDetailPageTests"/>
  <testcase name="sessionStartUserNameTest" time="0.024" classname="com.connect.fluke.app.tests.FCCM3550SessionDetailPageTests"/>
  <testcase name="startTimeStaticTextVisibleTest" time="0.032" classname="com.connect.fluke.app.tests.FCCM3550SessionDetailPageTests"/>
</testsuite> <!-- com.connect.fluke.app.tests.FCCM3550SessionDetailPageTests -->
