<?xml version="1.0" encoding="UTF-8"?>
<!-- Generated by org.testng.reporters.JUnitReportReporter -->
<testsuite hostname="m-bang-isharma1" name="com.fluke.mobility.tests.SignInTest" tests="1" failures="0" timestamp="18 Apr 2017 10:48:35 GMT" time="36.417" errors="0">
  <testcase name="signInTest" time="36.417" classname="com.fluke.mobility.tests.SignInTest"/>
</testsuite> <!-- com.fluke.mobility.tests.SignInTest -->
