<?xml version="1.0" encoding="UTF-8"?>
<!-- Generated by org.testng.reporters.JUnitReportReporter -->
<testsuite hostname="m-bang-isharma1" name="com.connect.fluke.mobile.tests.JenkinsToQmetryMappingTests" tests="3" failures="0" timestamp="25 Feb 2018 09:23:17 GMT" time="0.028" errors="0">
  <testcase name="test3" time="0.002" classname="com.connect.fluke.mobile.tests.JenkinsToQmetryMappingTests"/>
  <testcase name="test2" time="0.001" classname="com.connect.fluke.mobile.tests.JenkinsToQmetryMappingTests"/>
  <testcase name="test1" time="0.025" classname="com.connect.fluke.mobile.tests.JenkinsToQmetryMappingTests"/>
</testsuite> <!-- com.connect.fluke.mobile.tests.JenkinsToQmetryMappingTests -->
