<?xml version="1.0" encoding="UTF-8"?>
<!-- Generated by org.testng.reporters.JUnitReportReporter -->
<testsuite skipped="0" hostname="m-bang-nzunjurw" name="com.connect.fluke.app.tests.FCCM174XSessionConfigurationTests" tests="1" failures="0" timestamp="27 Aug 2018 13:20:42 GMT" time="107.952" errors="0">
  <testcase name="verifyWrongUsrnameAndPasswordForAuthentication" time="107.952" classname="com.connect.fluke.app.tests.FCCM174XSessionConfigurationTests"/>
</testsuite> <!-- com.connect.fluke.app.tests.FCCM174XSessionConfigurationTests -->
