<?xml version="1.0" encoding="UTF-8"?>
<!-- Generated by org.testng.reporters.JUnitReportReporter -->
<testsuite hostname="m-bang-isharma1" name="com.connect.fluke.mobile.tests.JiraTestRunAutomation" tests="1" failures="0" timestamp="8 Feb 2018 10:38:22 GMT" time="73.188" errors="0">
  <testcase name="createTestRun" time="73.188" classname="com.connect.fluke.mobile.tests.JiraTestRunAutomation"/>
</testsuite> <!-- com.connect.fluke.mobile.tests.JiraTestRunAutomation -->
