<?xml version="1.0" encoding="UTF-8"?>
<!-- Generated by org.testng.reporters.JUnitReportReporter -->
<testsuite hostname="m-bang-isharma1" name="com.connect.fluke.mobile.tests.FCCM3560SessionEndAandDeleteTests" tests="2" failures="0" timestamp="2 Mar 2018 15:23:02 GMT" time="138.932" errors="0">
  <testcase name="sessionEndTest" time="51.957" classname="com.connect.fluke.mobile.tests.FCCM3560SessionEndAandDeleteTests"/>
  <testcase name="sessionDeleteTest" time="86.975" classname="com.connect.fluke.mobile.tests.FCCM3560SessionEndAandDeleteTests"/>
</testsuite> <!-- com.connect.fluke.mobile.tests.FCCM3560SessionEndAandDeleteTests -->
